SF:/Users/wkf/ose-projects/ose-public/worktrees/standardize-app-spec-trees/apps/ose-app-be/src/app.rs
FN:16,_RNvNtCs5tNXo5qhWkJ_10ose_app_be3app10api_router
FN:9,_RNvNtCs5tNXo5qhWkJ_10ose_app_be3app6router
FNDA:0,_RNvNtCs5tNXo5qhWkJ_10ose_app_be3app10api_router
FNDA:0,_RNvNtCs5tNXo5qhWkJ_10ose_app_be3app6router
FNF:2
FNH:0
DA:9,0
DA:10,0
DA:11,0
DA:12,0
DA:13,0
DA:16,0
DA:17,0
DA:18,0
BRF:0
BRH:0
LF:8
LH:0
end_of_record
SF:/Users/wkf/ose-projects/ose-public/worktrees/standardize-app-spec-trees/apps/ose-app-be/src/config.rs
FN:62,_RNvMNtCs5tNXo5qhWkJ_10ose_app_be6configNtB2_6Config4load
FN:11,_RNvNtCs5tNXo5qhWkJ_10ose_app_be6config12default_port
FN:16,_RNvNtCs5tNXo5qhWkJ_10ose_app_be6config20default_cors_origins
FN:21,_RNvNtCs5tNXo5qhWkJ_10ose_app_be6config24default_openrouter_model
FN:26,_RNvNtCs5tNXo5qhWkJ_10ose_app_be6config27default_openrouter_base_url
FNDA:0,_RNvMNtCs5tNXo5qhWkJ_10ose_app_be6configNtB2_6Config4load
FNDA:0,_RNvNtCs5tNXo5qhWkJ_10ose_app_be6config12default_port
FNDA:0,_RNvNtCs5tNXo5qhWkJ_10ose_app_be6config20default_cors_origins
FNDA:0,_RNvNtCs5tNXo5qhWkJ_10ose_app_be6config24default_openrouter_model
FNDA:0,_RNvNtCs5tNXo5qhWkJ_10ose_app_be6config27default_openrouter_base_url
FNF:5
FNH:0
DA:11,0
DA:12,0
DA:13,0
DA:16,0
DA:17,0
DA:18,0
DA:21,0
DA:22,0
DA:23,0
DA:26,0
DA:27,0
DA:28,0
DA:62,0
DA:63,0
DA:64,0
DA:65,0
BRF:0
BRH:0
LF:16
LH:0
end_of_record
SF:/Users/wkf/ose-projects/ose-public/worktrees/standardize-app-spec-trees/apps/ose-app-be/src/contexts/health/api/http/mod.rs
FN:10,_RNvNtNtNtNtCs5tNXo5qhWkJ_10ose_app_be8contexts6health3api4http18get_health_handler
FN:21,_RNvNtNtNtNtCs5tNXo5qhWkJ_10ose_app_be8contexts6health3api4http6routes
FN:10,_RNCNvNtNtNtNtCs5tNXo5qhWkJ_10ose_app_be8contexts6health3api4http18get_health_handler0Bb_
FNDA:0,_RNvNtNtNtNtCs5tNXo5qhWkJ_10ose_app_be8contexts6health3api4http18get_health_handler
FNDA:0,_RNvNtNtNtNtCs5tNXo5qhWkJ_10ose_app_be8contexts6health3api4http6routes
FNDA:0,_RNCNvNtNtNtNtCs5tNXo5qhWkJ_10ose_app_be8contexts6health3api4http18get_health_handler0Bb_
FNF:3
FNH:0
DA:10,0
DA:11,0
DA:12,0
DA:13,0
DA:14,0
DA:15,0
DA:16,0
DA:17,0
DA:18,0
DA:21,0
DA:22,0
DA:23,0
BRF:0
BRH:0
LF:13
LH:0
end_of_record
SF:/Users/wkf/ose-projects/ose-public/worktrees/standardize-app-spec-trees/apps/ose-app-be/src/contexts/health/application/mod.rs
FN:9,_RNvNtNtNtCs5tNXo5qhWkJ_10ose_app_be8contexts6health11application10get_health
FNDA:0,_RNvNtNtNtCs5tNXo5qhWkJ_10ose_app_be8contexts6health11application10get_health
FNF:1
FNH:0
DA:9,0
DA:10,0
DA:11,0
DA:12,0
DA:13,0
BRF:0
BRH:0
LF:5
LH:0
end_of_record
SF:/Users/wkf/ose-projects/ose-public/worktrees/standardize-app-spec-trees/apps/ose-app-be/src/errors.rs
FN:20,_RNvXNtCs5tNXo5qhWkJ_10ose_app_be6errorsNtB2_8AppErrorNtNtNtCs8UKAU6SLMtI_9axum_core8response13into_response12IntoResponse13into_response
FNDA:0,_RNvXNtCs5tNXo5qhWkJ_10ose_app_be6errorsNtB2_8AppErrorNtNtNtCs8UKAU6SLMtI_9axum_core8response13into_response12IntoResponse13into_response
FNF:1
FNH:0
DA:20,0
DA:21,0
DA:22,0
DA:23,0
DA:24,0
DA:25,0
BRF:0
BRH:0
LF:6
LH:0
end_of_record